0.158 0.296
0.165 0.303
0.160 0.307
0.160 0.304
0.157 0.305
0.159 0.304
0.161 0.301
0.160 0.300
0.160 0.297
0.165 0.303
0.166 0.297
0.161 0.304
0.163 0.309
0.158 0.307
0.168 0.298
0.159 0.308
0.157 0.302
0.161 0.309
0.157 0.304
0.163 0.302
0.164 0.299
0.161 0.303
0.164 0.305
0.160 0.302
0.162 0.300
0.161 0.304
0.160 0.294
0.161 0.308
0.156 0.296
0.165 0.302
0.162 0.310
0.163 0.313
0.164 0.307
0.159 0.308
0.161 0.304
0.163 0.302
0.163 0.298
0.162 0.299
0.161 0.305
0.157 0.301
0.164 0.305
0.157 0.304
0.162 0.304
0.160 0.306
0.154 0.308
0.155 0.307
0.157 0.304
0.163 0.307
0.169 0.307
0.159 0.306
0.158 0.305
0.162 0.308
0.164 0.301
0.161 0.305
0.159 0.304
0.160 0.298
0.164 0.301
0.165 0.307
0.160 0.301
0.159 0.303
0.164 0.305
0.156 0.305
0.162 0.304
0.163 0.304
0.164 0.302
0.155 0.299
0.163 0.305
0.154 0.305
0.157 0.299
0.160 0.302
0.162 0.308
0.160 0.301
0.156 0.309
0.160 0.310
0.156 0.304
0.159 0.308
0.161 0.310
0.160 0.304
0.160 0.303
0.157 0.302
0.161 0.304
0.157 0.309
0.159 0.308
0.165 0.306
0.163 0.307
0.160 0.304
0.165 0.298
0.160 0.307
0.157 0.306
0.164 0.303
0.162 0.302
0.160 0.302
0.162 0.302
0.160 0.306
0.159 0.304
0.158 0.305
0.160 0.299
0.163 0.307
0.155 0.313
0.156 0.304
0.156 0.306
0.163 0.308
0.161 0.306
0.158 0.303
0.163 0.301
0.157 0.306
0.165 0.306
0.162 0.311
0.160 0.306
0.159 0.300
0.169 0.303
0.160 0.306
0.158 0.310
0.163 0.303
0.156 0.307
0.162 0.300
0.158 0.301
0.158 0.306
0.159 0.299
0.160 0.312
0.158 0.301
0.166 0.305
0.162 0.301
0.155 0.307
0.162 0.307
0.159 0.310
0.160 0.307
0.157 0.296
0.158 0.302
0.157 0.311
0.159 0.300
0.157 0.305
0.160 0.308
0.160 0.306
0.157 0.304
0.164 0.308
0.159 0.303
0.155 0.310
0.158 0.293
0.161 0.297
0.164 0.310
0.160 0.310
0.158 0.310
0.161 0.300
0.163 0.308
0.162 0.306
0.159 0.301
0.158 0.315
0.161 0.303
0.163 0.302
0.156 0.307
0.158 0.304
0.161 0.304
0.163 0.307
0.158 0.310
0.162 0.297
0.163 0.304
0.158 0.305
0.165 0.303
0.164 0.299
0.157 0.299
0.156 0.303
0.166 0.299
0.153 0.306
0.159 0.309
0.163 0.304
0.163 0.304
0.163 0.302
0.167 0.299
0.160 0.300
0.158 0.304
0.164 0.294
0.158 0.305
0.163 0.306
0.165 0.309
0.162 0.301
0.164 0.302
0.161 0.304
0.160 0.305
0.163 0.299
0.162 0.301
0.161 0.311
0.162 0.302
0.157 0.305
0.162 0.303
0.161 0.302
0.159 0.307
0.160 0.303
0.160 0.311
0.154 0.305
0.165 0.310
0.162 0.310
0.161 0.304
0.157 0.302
0.158 0.300
0.159 0.297
0.168 0.308
0.158 0.306
0.162 0.309
0.158 0.305
0.162 0.312
